<?xml version="1.0" encoding="UTF-8"?>
<testsuite xmlns:xsi="http://www.w3.org/2001/XMLSchema-instance" xsi:noNamespaceSchemaLocation="https://maven.apache.org/surefire/maven-surefire-plugin/xsd/surefire-test-report.xsd" version="3.0.2" name="com.janesjeans.api.service.EmailServiceTest" time="0.764" tests="3" errors="0" skipped="0" failures="0">
  <properties>
[...]
</properties>
  <testcase name="sendOrderConfirmation_shouldSendEmail" classname="com.janesjeans.api.service.EmailServiceTest" time="0.745">
    <system-out><![CDATA[19:20:45.224 [main] INFO com.janesjeans.api.service.EmailService -- Sending order confirmation email to john@test.com for order ORD-ABCD1234
19:20:45.265 [main] INFO com.janesjeans.api.service.EmailService -- Order confirmation email sent successfully to john@test.com
]]></system-out>
  </testcase>
  <testcase name="sendOrderConfirmation_shouldSkipWhenBlankEmail" classname="com.janesjeans.api.service.EmailServiceTest" time="0.003">
    <system-out><![CDATA[19:20:45.281 [main] WARN com.janesjeans.api.service.EmailService -- No email address for order ORD-YYYY, skipping confirmation
]]></system-out>
  </testcase>
  <testcase name="sendOrderConfirmation_shouldSkipWhenNoEmail" classname="com.janesjeans.api.service.EmailServiceTest" time="0.002">
    <system-out><![CDATA[19:20:45.283 [main] WARN com.janesjeans.api.service.EmailService -- No email address for order ORD-XXXX, skipping confirmation
]]></system-out>
  </testcase>
</testsuite>